2026-05-19 15:02:16 | DEBUG | P02 | No variables found in .env
2026-05-19 15:02:16 | INFO | P02 | === RUN START ===
2026-05-19 15:02:16 | INFO | P02 | project=P02
2026-05-19 15:02:16 | INFO | P02 | repo_dir=streaming-02-kafka
2026-05-19 15:02:16 | INFO | P02 | python=3.14.5
2026-05-19 15:02:16 | INFO | P02 | os=Darwin 20.6.0
2026-05-19 15:02:16 | INFO | P02 | shell=zsh
2026-05-19 15:02:16 | INFO | P02 | cwd=.
2026-05-19 15:02:16 | INFO | P02 | github_actions=False
2026-05-19 15:02:16 | INFO | P02 | ========================
2026-05-19 15:02:16 | INFO | P02 | START producer main()
2026-05-19 15:02:16 | INFO | P02 | ========================
2026-05-19 15:02:16 | INFO | P02 | ROOT_DIR = .
2026-05-19 15:02:16 | INFO | P02 | DATA_DIR = data
2026-05-19 15:02:16 | INFO | P02 | SALES_CSV = data/sales.csv
2026-05-19 15:02:16 | INFO | P02 | ========================
2026-05-19 15:02:16 | INFO | P02 | SECTION A. Acquire
2026-05-19 15:02:16 | INFO | P02 | ========================
2026-05-19 15:02:16 | INFO | P02 | Loading settings from .env...
2026-05-19 15:02:16 | INFO | P02 | KAFKA_BOOTSTRAP_SERVERS           = localhost:9092
2026-05-19 15:02:16 | INFO | P02 | KAFKA_TOPIC                       = product-sales-case
2026-05-19 15:02:16 | INFO | P02 | PRODUCER_MESSAGE_COUNT            = 6
2026-05-19 15:02:16 | INFO | P02 | PRODUCER_MESSAGE_INTERVAL_SECONDS = 2.0
2026-05-19 15:02:16 | INFO | P02 | KAFKA_CLEAR_TOPIC_ON_START        = False
2026-05-19 15:02:16 | INFO | P02 | Verifying Kafka connection...
2026-05-19 15:02:16 | INFO | P02 | Kafka port is reachable.
2026-05-19 15:02:17 | INFO | P02 | ========================
2026-05-19 15:02:17 | INFO | P02 | SECTION P. Produce Messages
2026-05-19 15:02:17 | INFO | P02 | ========================
2026-05-19 15:02:17 | INFO | P02 | Sending messages...
2026-05-19 15:02:17 | INFO | P02 | Sending up to 6 message(s) to topic 'product-sales-case'.
2026-05-19 15:02:17 | INFO | P02 | Watch each sale arrive. Press CTRL+C to stop early.

2026-05-19 15:02:17 | INFO | P02 | {
  order_id: e7324981-a9f0-419f-b708-d0a333451fff
  datetime: 2026-05-04T08:11:00Z
  region_id: US-TX
  currency_code: USD
  product_id: PY-STREAM-005
  unit_price: 59.99
  quantity: 3
  is_online: true
  customer_id: CUST-4150
  is_new_customer: false
  device_type: tablet
  payment_method: paypal
  referral_source: paid_search
  discount_code: 
  customer_note: Gift for my team
}
2026-05-19 15:02:17 | INFO | P02 |   Sending message with key=US-TX
2026-05-19 15:02:17 | INFO | P02 |   MESSAGE SENT  sent=1
2026-05-19 15:02:19 | INFO | P02 | {
  order_id: d61943e0-f543-4b5f-9c9a-18605ea4cfe5
  datetime: 2026-05-04T08:23:00Z
  region_id: US-TX
  currency_code: USD
  product_id: PY-DATA-002
  unit_price: 49.99
  quantity: 1
  is_online: true
  customer_id: CUST-1106
  is_new_customer: false
  device_type: mobile
  payment_method: paypal
  referral_source: paid_search
  discount_code: 
  customer_note: Gift for my team
}
2026-05-19 15:02:19 | INFO | P02 |   Sending message with key=US-TX
2026-05-19 15:02:19 | INFO | P02 |   MESSAGE SENT  sent=2
2026-05-19 15:02:21 | INFO | P02 | {
  order_id: 14da1915-8e74-47be-9e10-f7275d31af46
  datetime: 2026-05-04T08:28:00Z
  region_id: CA-QC
  currency_code: CAD
  product_id: PY-NLP-006
  unit_price: 54.99
  quantity: 1
  is_online: true
  customer_id: CUST-2133
  is_new_customer: false
  device_type: desktop
  payment_method: paypal
  referral_source: organic
  discount_code: 
  customer_note: Learning at my own pace
}
2026-05-19 15:02:21 | INFO | P02 |   Sending message with key=CA-QC
2026-05-19 15:02:21 | INFO | P02 |   MESSAGE SENT  sent=3
2026-05-19 15:02:23 | INFO | P02 | {
  order_id: d77ed935-9b28-431d-bc25-0a3fd98f4154
  datetime: 2026-05-04T08:40:00Z
  region_id: US-CA
  currency_code: USD
  product_id: PY-STREAM-005
  unit_price: 59.99
  quantity: 1
  is_online: true
  customer_id: CUST-5333
  is_new_customer: false
  device_type: mobile
  payment_method: paypal
  referral_source: organic
  discount_code: 
  customer_note: Highly recommend
}
2026-05-19 15:02:23 | INFO | P02 |   Sending message with key=US-CA
2026-05-19 15:02:23 | INFO | P02 |   MESSAGE SENT  sent=4
2026-05-19 15:02:25 | INFO | P02 | {
  order_id: 24b91995-25f8-4ad7-8fa6-2e4c15750e5e
  datetime: 2026-05-04T08:41:00Z
  region_id: US-MO
  currency_code: USD
  product_id: PY-VIZ-003
  unit_price: 39.99
  quantity: 1
  is_online: true
  customer_id: CUST-8573
  is_new_customer: false
  device_type: mobile
  payment_method: apple_pay
  referral_source: paid_search
  discount_code: 
  customer_note: Learning at my own pace
}
2026-05-19 15:02:25 | INFO | P02 |   Sending message with key=US-MO
2026-05-19 15:02:25 | INFO | P02 |   MESSAGE SENT  sent=5
2026-05-19 15:02:27 | INFO | P02 | {
  order_id: 1ec0fc8b-998c-4f43-8a66-19e1fa7d5fa8
  datetime: 2026-05-04T08:54:00Z
  region_id: CA-ON
  currency_code: CAD
  product_id: PY-SQL-004
  unit_price: 44.99
  quantity: 1
  is_online: true
  customer_id: CUST-8062
  is_new_customer: false
  device_type: tablet
  payment_method: paypal
  referral_source: organic
  discount_code: 
  customer_note: 
}
2026-05-19 15:02:27 | INFO | P02 |   Sending message with key=CA-ON
2026-05-19 15:02:27 | INFO | P02 |   MESSAGE SENT  sent=6
2026-05-19 15:02:29 | INFO | P02 | ========================
2026-05-19 15:02:29 | INFO | P02 | SECTION E. Exit
2026-05-19 15:02:29 | INFO | P02 | ========================
2026-05-19 15:02:29 | INFO | P02 | Summary:
2026-05-19 15:02:29 | INFO | P02 | Sent 6 message(s) to topic 'product-sales-case'.
2026-05-19 15:02:29 | INFO | P02 | ========================
2026-05-19 15:02:29 | INFO | P02 | Producer executed successfully!
2026-05-19 15:02:29 | INFO | P02 | ========================
2026-05-19 15:02:45 | DEBUG | C02 | No variables found in .env
2026-05-19 15:02:45 | DEBUG | P02 | No variables found in .env
2026-05-19 15:02:45 | INFO | C02 | Processing raw message.
2026-05-19 15:06:58 | DEBUG | C02 | No variables found in .env
2026-05-19 15:06:58 | INFO | C02 | === RUN START ===
2026-05-19 15:06:58 | INFO | C02 | project=C02
2026-05-19 15:06:58 | INFO | C02 | repo_dir=streaming-02-kafka
2026-05-19 15:06:58 | INFO | C02 | python=3.14.5
2026-05-19 15:06:58 | INFO | C02 | os=Darwin 20.6.0
2026-05-19 15:06:58 | INFO | C02 | shell=zsh
2026-05-19 15:06:58 | INFO | C02 | cwd=.
2026-05-19 15:06:58 | INFO | C02 | github_actions=False
2026-05-19 15:06:58 | INFO | C02 | ========================
2026-05-19 15:06:58 | INFO | C02 | START consumer main()
2026-05-19 15:06:58 | INFO | C02 | ========================
2026-05-19 15:06:58 | INFO | C02 | ROOT_DIR = .
2026-05-19 15:06:58 | INFO | C02 | DATA_DIR = data
2026-05-19 15:06:58 | INFO | C02 | OUTPUT_CSV = data/output/consumed_sales.csv
2026-05-19 15:06:58 | INFO | C02 | ========================
2026-05-19 15:06:58 | INFO | C02 | SECTION A. Acquire
2026-05-19 15:06:58 | INFO | C02 | ========================
2026-05-19 15:06:58 | INFO | C02 | Loading settings from .env...
2026-05-19 15:06:58 | INFO | C02 | KAFKA_BOOTSTRAP_SERVERS  = localhost:9092
2026-05-19 15:06:58 | INFO | C02 | KAFKA_TOPIC              = product-sales-case
2026-05-19 15:06:58 | INFO | C02 | KAFKA_GROUP_ID           = streaming-consumer-group-A
2026-05-19 15:06:58 | INFO | C02 | CONSUMER_TIMEOUT_SECONDS = 10.0
2026-05-19 15:06:58 | INFO | C02 | CONSUMER_MAX_MESSAGES    = 1000
2026-05-19 15:06:58 | INFO | C02 | Verifying Kafka connection...
2026-05-19 15:06:58 | INFO | C02 | Kafka port is reachable.
2026-05-19 15:06:58 | INFO | C02 | Verifying Kafka topic...
2026-05-19 15:06:58 | INFO | C02 | Topic 'product-sales-case' exists.
2026-05-19 15:06:58 | INFO | C02 | Found 6 message(s) available.
2026-05-19 15:06:58 | INFO | C02 | Creating Kafka consumer...
2026-05-19 15:06:58 | INFO | C02 | Subscribed to topic: 'product-sales-case' (reading from beginning)
2026-05-19 15:06:58 | INFO | C02 | ========================
2026-05-19 15:06:58 | INFO | C02 | SECTION C. Consume and Process Messages
2026-05-19 15:06:58 | INFO | C02 | ========================
2026-05-19 15:06:58 | INFO | C02 | Initializing output...
2026-05-19 15:06:58 | INFO | C02 | Output CSV cleared: consumed_sales.csv
2026-05-19 15:06:58 | INFO | C02 | Consuming messages...
2026-05-19 15:06:58 | INFO | C02 | Waiting for up to 1000 message(s).
2026-05-19 15:06:58 | INFO | C02 | Press CTRL+C to stop early.

2026-05-19 15:07:04 | INFO | C02 | {'currency_code': 'USD', 'customer_id': 'CUST-4150', 'customer_note': 'Gift for my team', 'datetime': '2026-05-04T08:11:00Z', 'device_type': 'tablet', 'discount_code': '', 'is_new_customer': 'false', 'is_online': 'true', 'order_id': 'e7324981-a9f0-419f-b708-d0a333451fff', 'payment_method': 'paypal', 'product_id': 'PY-STREAM-005', 'quantity': '3', 'referral_source': 'paid_search', 'region_id': 'US-TX', 'unit_price': '59.99', '_kafka_key': 'US-TX', '_kafka_partition': 0, '_kafka_offset': 0}
2026-05-19 15:07:04 | INFO | C02 | Processing raw message.
2026-05-19 15:07:04 | INFO | C02 | MESSAGE CONSUMED
2026-05-19 15:07:04 | INFO | C02 | consumed=1
2026-05-19 15:07:04 | INFO | C02 | {'currency_code': 'USD', 'customer_id': 'CUST-1106', 'customer_note': 'Gift for my team', 'datetime': '2026-05-04T08:23:00Z', 'device_type': 'mobile', 'discount_code': '', 'is_new_customer': 'false', 'is_online': 'true', 'order_id': 'd61943e0-f543-4b5f-9c9a-18605ea4cfe5', 'payment_method': 'paypal', 'product_id': 'PY-DATA-002', 'quantity': '1', 'referral_source': 'paid_search', 'region_id': 'US-TX', 'unit_price': '49.99', '_kafka_key': 'US-TX', '_kafka_partition': 0, '_kafka_offset': 1}
2026-05-19 15:07:04 | INFO | C02 | Processing raw message.
2026-05-19 15:07:04 | INFO | C02 | MESSAGE CONSUMED
2026-05-19 15:07:04 | INFO | C02 | consumed=2
2026-05-19 15:07:04 | INFO | C02 | {'currency_code': 'CAD', 'customer_id': 'CUST-2133', 'customer_note': 'Learning at my own pace', 'datetime': '2026-05-04T08:28:00Z', 'device_type': 'desktop', 'discount_code': '', 'is_new_customer': 'false', 'is_online': 'true', 'order_id': '14da1915-8e74-47be-9e10-f7275d31af46', 'payment_method': 'paypal', 'product_id': 'PY-NLP-006', 'quantity': '1', 'referral_source': 'organic', 'region_id': 'CA-QC', 'unit_price': '54.99', '_kafka_key': 'CA-QC', '_kafka_partition': 0, '_kafka_offset': 2}
2026-05-19 15:07:04 | INFO | C02 | Processing raw message.
2026-05-19 15:07:04 | INFO | C02 | MESSAGE CONSUMED
2026-05-19 15:07:04 | INFO | C02 | consumed=3
2026-05-19 15:07:04 | INFO | C02 | {'currency_code': 'USD', 'customer_id': 'CUST-5333', 'customer_note': 'Highly recommend', 'datetime': '2026-05-04T08:40:00Z', 'device_type': 'mobile', 'discount_code': '', 'is_new_customer': 'false', 'is_online': 'true', 'order_id': 'd77ed935-9b28-431d-bc25-0a3fd98f4154', 'payment_method': 'paypal', 'product_id': 'PY-STREAM-005', 'quantity': '1', 'referral_source': 'organic', 'region_id': 'US-CA', 'unit_price': '59.99', '_kafka_key': 'US-CA', '_kafka_partition': 0, '_kafka_offset': 3}
2026-05-19 15:07:04 | INFO | C02 | Processing raw message.
2026-05-19 15:07:04 | INFO | C02 | MESSAGE CONSUMED
2026-05-19 15:07:04 | INFO | C02 | consumed=4
2026-05-19 15:07:04 | INFO | C02 | {'currency_code': 'USD', 'customer_id': 'CUST-8573', 'customer_note': 'Learning at my own pace', 'datetime': '2026-05-04T08:41:00Z', 'device_type': 'mobile', 'discount_code': '', 'is_new_customer': 'false', 'is_online': 'true', 'order_id': '24b91995-25f8-4ad7-8fa6-2e4c15750e5e', 'payment_method': 'apple_pay', 'product_id': 'PY-VIZ-003', 'quantity': '1', 'referral_source': 'paid_search', 'region_id': 'US-MO', 'unit_price': '39.99', '_kafka_key': 'US-MO', '_kafka_partition': 0, '_kafka_offset': 4}
2026-05-19 15:07:04 | INFO | C02 | Processing raw message.
2026-05-19 15:07:04 | INFO | C02 | MESSAGE CONSUMED
2026-05-19 15:07:04 | INFO | C02 | consumed=5
2026-05-19 15:07:04 | INFO | C02 | {'currency_code': 'CAD', 'customer_id': 'CUST-8062', 'customer_note': '', 'datetime': '2026-05-04T08:54:00Z', 'device_type': 'tablet', 'discount_code': '', 'is_new_customer': 'false', 'is_online': 'true', 'order_id': '1ec0fc8b-998c-4f43-8a66-19e1fa7d5fa8', 'payment_method': 'paypal', 'product_id': 'PY-SQL-004', 'quantity': '1', 'referral_source': 'organic', 'region_id': 'CA-ON', 'unit_price': '44.99', '_kafka_key': 'CA-ON', '_kafka_partition': 0, '_kafka_offset': 5}
2026-05-19 15:07:04 | INFO | C02 | Processing raw message.
2026-05-19 15:07:04 | INFO | C02 | MESSAGE CONSUMED
2026-05-19 15:07:04 | INFO | C02 | consumed=6
2026-05-19 15:07:15 | INFO | C02 | No message received within 10.0s timeout.
2026-05-19 15:07:15 | INFO | C02 | Producer finished or paused. Stopping consumer.
2026-05-19 15:07:15 | INFO | C02 | Kafka consumer closed.
2026-05-19 15:07:15 | INFO | C02 | ========================
2026-05-19 15:07:15 | INFO | C02 | SECTION E. Exit
2026-05-19 15:07:15 | INFO | C02 | ========================
2026-05-19 15:07:15 | INFO | C02 | Summary:
2026-05-19 15:07:15 | INFO | C02 | Consumed 6 message(s) from topic 'product-sales-case'.
2026-05-19 15:07:15 | INFO | C02 | OUTPUT_CSV = data/output/consumed_sales.csv
2026-05-19 15:07:15 | INFO | C02 | ========================
2026-05-19 15:07:15 | INFO | C02 | Consumer executed successfully!
2026-05-19 15:07:15 | INFO | C02 | ========================
2026-05-23 18:22:15 | DEBUG | C02 | KAFKA_BOOTSTRAP_SERVERS           = localhost:9092
2026-05-23 18:22:15 | DEBUG | C02 | KAFKA_BROKER_ADDRESS_FAMILY       = v6
2026-05-23 18:22:15 | DEBUG | C02 | KAFKA_TOPIC                       = streaming-02-kafka-sailors
2026-05-23 18:22:15 | DEBUG | C02 | KAFKA_CLEAR_TOPIC_ON_START        = true
2026-05-23 18:22:15 | DEBUG | C02 | PRODUCER_MESSAGE_COUNT            = 3
2026-05-23 18:22:15 | DEBUG | C02 | PRODUCER_MESSAGE_INTERVAL_SECONDS = 2
2026-05-23 18:22:15 | DEBUG | C02 | PRODUCER_MAX_MESSAGES             = 50
2026-05-23 18:22:15 | DEBUG | C02 | PRODUCER_POLL_INTERVAL_SECONDS    = 15
2026-05-23 18:22:15 | DEBUG | C02 | KAFKA_GROUP_ID                    = streaming-consumer-group-A
2026-05-23 18:22:15 | DEBUG | C02 | KAFKA_AUTO_OFFSET_RESET           = earliest
2026-05-23 18:22:15 | DEBUG | C02 | CONSUMER_TIMEOUT_SECONDS          = 10
2026-05-23 18:22:15 | DEBUG | C02 | CONSUMER_MAX_MESSAGES             = 1000
2026-05-23 18:22:15 | INFO | C02 | === RUN START ===
2026-05-23 18:22:15 | INFO | C02 | project=C02
2026-05-23 18:22:15 | INFO | C02 | repo_dir=streaming-02-kafka
2026-05-23 18:22:15 | INFO | C02 | python=3.14.5
2026-05-23 18:22:15 | INFO | C02 | os=Darwin 20.6.0
2026-05-23 18:22:15 | INFO | C02 | shell=zsh
2026-05-23 18:22:15 | INFO | C02 | cwd=.
2026-05-23 18:22:15 | INFO | C02 | github_actions=False
2026-05-23 18:22:15 | INFO | C02 | ========================
2026-05-23 18:22:15 | INFO | C02 | START consumer main()
2026-05-23 18:22:15 | INFO | C02 | ========================
2026-05-23 18:22:15 | INFO | C02 | ROOT_DIR = .
2026-05-23 18:22:15 | INFO | C02 | DATA_DIR = data
2026-05-23 18:22:15 | INFO | C02 | OUTPUT_CSV = data/output/consumed_sales_sailors.csv
2026-05-23 18:22:15 | INFO | C02 | ========================
2026-05-23 18:22:15 | INFO | C02 | SECTION A. Acquire
2026-05-23 18:22:15 | INFO | C02 | ========================
2026-05-23 18:22:15 | INFO | C02 | Loading settings from .env...
2026-05-23 18:22:15 | INFO | C02 | KAFKA_BOOTSTRAP_SERVERS  = localhost:9092
2026-05-23 18:22:15 | INFO | C02 | KAFKA_TOPIC              = streaming-02-kafka-sailors
2026-05-23 18:22:15 | INFO | C02 | KAFKA_GROUP_ID           = streaming-consumer-group-A
2026-05-23 18:22:15 | INFO | C02 | CONSUMER_TIMEOUT_SECONDS = 10.0
2026-05-23 18:22:15 | INFO | C02 | CONSUMER_MAX_MESSAGES    = 1000
2026-05-23 18:22:15 | INFO | C02 | Verifying Kafka connection...
2026-05-23 18:22:15 | ERROR | C02 | !!!!!!!!!!!!!!!!!!!!!!!!!!!!!!!!!
Python code is running,
but Kafka is not available.
Kafka is not reachable.
The program tried to connect to:
    KAFKA_BOOTSTRAP_SERVERS = localhost:9092

CHECK:
1. Start Kafka first. Follow START_KAFKA.md.
2. Verify Kafka is running. In a terminal, run:
   cd ~/kafka
   bin/kafka-topics.sh --list --bootstrap-server localhost:9092
3. Verify the topic exists. Follow MANAGE_TOPIC.md.
!!!!!!!!!!!!!!!!!!!!!!!!!!!!!!!!!
2026-05-23 18:28:13 | DEBUG | C02 | KAFKA_BOOTSTRAP_SERVERS           = localhost:9092
2026-05-23 18:28:13 | DEBUG | C02 | KAFKA_BROKER_ADDRESS_FAMILY       = v6
2026-05-23 18:28:13 | DEBUG | C02 | KAFKA_TOPIC                       = streaming-02-kafka-sailors
2026-05-23 18:28:13 | DEBUG | C02 | KAFKA_CLEAR_TOPIC_ON_START        = true
2026-05-23 18:28:13 | DEBUG | C02 | PRODUCER_MESSAGE_COUNT            = 3
2026-05-23 18:28:13 | DEBUG | C02 | PRODUCER_MESSAGE_INTERVAL_SECONDS = 2
2026-05-23 18:28:13 | DEBUG | C02 | PRODUCER_MAX_MESSAGES             = 50
2026-05-23 18:28:13 | DEBUG | C02 | PRODUCER_POLL_INTERVAL_SECONDS    = 15
2026-05-23 18:28:13 | DEBUG | C02 | KAFKA_GROUP_ID                    = streaming-consumer-group-A
2026-05-23 18:28:13 | DEBUG | C02 | KAFKA_AUTO_OFFSET_RESET           = earliest
2026-05-23 18:28:13 | DEBUG | C02 | CONSUMER_TIMEOUT_SECONDS          = 10
2026-05-23 18:28:13 | DEBUG | C02 | CONSUMER_MAX_MESSAGES             = 1000
2026-05-23 18:28:13 | INFO | C02 | === RUN START ===
2026-05-23 18:28:13 | INFO | C02 | project=C02
2026-05-23 18:28:13 | INFO | C02 | repo_dir=streaming-02-kafka
2026-05-23 18:28:13 | INFO | C02 | python=3.14.5
2026-05-23 18:28:13 | INFO | C02 | os=Darwin 20.6.0
2026-05-23 18:28:13 | INFO | C02 | shell=zsh
2026-05-23 18:28:13 | INFO | C02 | cwd=.
2026-05-23 18:28:13 | INFO | C02 | github_actions=False
2026-05-23 18:28:13 | INFO | C02 | ========================
2026-05-23 18:28:13 | INFO | C02 | START consumer main()
2026-05-23 18:28:13 | INFO | C02 | ========================
2026-05-23 18:28:13 | INFO | C02 | ROOT_DIR = .
2026-05-23 18:28:13 | INFO | C02 | DATA_DIR = data
2026-05-23 18:28:13 | INFO | C02 | OUTPUT_CSV = data/output/consumed_sales_sailors.csv
2026-05-23 18:28:13 | INFO | C02 | ========================
2026-05-23 18:28:13 | INFO | C02 | SECTION A. Acquire
2026-05-23 18:28:13 | INFO | C02 | ========================
2026-05-23 18:28:13 | INFO | C02 | Loading settings from .env...
2026-05-23 18:28:13 | INFO | C02 | KAFKA_BOOTSTRAP_SERVERS  = localhost:9092
2026-05-23 18:28:13 | INFO | C02 | KAFKA_TOPIC              = streaming-02-kafka-sailors
2026-05-23 18:28:13 | INFO | C02 | KAFKA_GROUP_ID           = streaming-consumer-group-A
2026-05-23 18:28:13 | INFO | C02 | CONSUMER_TIMEOUT_SECONDS = 10.0
2026-05-23 18:28:13 | INFO | C02 | CONSUMER_MAX_MESSAGES    = 1000
2026-05-23 18:28:13 | INFO | C02 | Verifying Kafka connection...
2026-05-23 18:28:13 | INFO | C02 | Kafka port is reachable.
2026-05-23 18:28:13 | INFO | C02 | Verifying Kafka topic...
2026-05-23 18:28:13 | ERROR | C02 | Topic 'streaming-02-kafka-sailors' does not exist.
2026-05-23 18:28:13 | ERROR | C02 | Run the producer first.
2026-05-23 18:31:41 | DEBUG | P02 | KAFKA_BOOTSTRAP_SERVERS           = localhost:9092
2026-05-23 18:31:41 | DEBUG | P02 | KAFKA_BROKER_ADDRESS_FAMILY       = v6
2026-05-23 18:31:41 | DEBUG | P02 | KAFKA_TOPIC                       = streaming-02-kafka-sailors
2026-05-23 18:31:41 | DEBUG | P02 | KAFKA_CLEAR_TOPIC_ON_START        = true
2026-05-23 18:31:41 | DEBUG | P02 | PRODUCER_MESSAGE_COUNT            = 3
2026-05-23 18:31:41 | DEBUG | P02 | PRODUCER_MESSAGE_INTERVAL_SECONDS = 2
2026-05-23 18:31:41 | DEBUG | P02 | PRODUCER_MAX_MESSAGES             = 50
2026-05-23 18:31:41 | DEBUG | P02 | PRODUCER_POLL_INTERVAL_SECONDS    = 15
2026-05-23 18:31:41 | DEBUG | P02 | KAFKA_GROUP_ID                    = streaming-consumer-group-A
2026-05-23 18:31:41 | DEBUG | P02 | KAFKA_AUTO_OFFSET_RESET           = earliest
2026-05-23 18:31:41 | DEBUG | P02 | CONSUMER_TIMEOUT_SECONDS          = 10
2026-05-23 18:31:41 | DEBUG | P02 | CONSUMER_MAX_MESSAGES             = 1000
2026-05-23 18:31:41 | INFO | P02 | === RUN START ===
2026-05-23 18:31:41 | INFO | P02 | project=P02
2026-05-23 18:31:41 | INFO | P02 | repo_dir=streaming-02-kafka
2026-05-23 18:31:41 | INFO | P02 | python=3.14.5
2026-05-23 18:31:41 | INFO | P02 | os=Darwin 20.6.0
2026-05-23 18:31:41 | INFO | P02 | shell=zsh
2026-05-23 18:31:41 | INFO | P02 | cwd=.
2026-05-23 18:31:41 | INFO | P02 | github_actions=False
2026-05-23 18:31:41 | INFO | P02 | ========================
2026-05-23 18:31:41 | INFO | P02 | START producer main()
2026-05-23 18:31:41 | INFO | P02 | ========================
2026-05-23 18:31:41 | INFO | P02 | ROOT_DIR = .
2026-05-23 18:31:41 | INFO | P02 | DATA_DIR = data
2026-05-23 18:31:41 | INFO | P02 | SALES_CSV = data/sales.csv
2026-05-23 18:31:41 | INFO | P02 | ========================
2026-05-23 18:31:41 | INFO | P02 | SECTION A. Acquire
2026-05-23 18:31:41 | INFO | P02 | ========================
2026-05-23 18:31:41 | INFO | P02 | Loading settings from .env...
2026-05-23 18:31:41 | INFO | P02 | KAFKA_BOOTSTRAP_SERVERS           = localhost:9092
2026-05-23 18:31:41 | INFO | P02 | KAFKA_TOPIC                       = streaming-02-kafka-sailors
2026-05-23 18:31:41 | INFO | P02 | PRODUCER_MESSAGE_COUNT            = 3
2026-05-23 18:31:41 | INFO | P02 | PRODUCER_MESSAGE_INTERVAL_SECONDS = 2.0
2026-05-23 18:31:41 | INFO | P02 | KAFKA_CLEAR_TOPIC_ON_START        = True
2026-05-23 18:31:41 | INFO | P02 | Verifying Kafka connection...
2026-05-23 18:31:41 | INFO | P02 | Kafka port is reachable.
2026-05-23 18:31:41 | INFO | P02 | ========================
2026-05-23 18:31:41 | INFO | P02 | SECTION P. Produce Messages
2026-05-23 18:31:41 | INFO | P02 | ========================
2026-05-23 18:31:41 | INFO | P02 | Sending messages...
2026-05-23 18:31:41 | INFO | P02 | Sending up to 3 message(s) to topic 'streaming-02-kafka-sailors'.
2026-05-23 18:31:41 | INFO | P02 | Watch each sale arrive. Press CTRL+C to stop early.

2026-05-23 18:31:41 | INFO | P02 | {
  order_id: e7324981-a9f0-419f-b708-d0a333451fff
  datetime: 2026-05-04T08:11:00Z
  region_id: US-TX
  currency_code: USD
  product_id: PY-STREAM-005
  unit_price: 59.99
  quantity: 3
  is_online: true
  customer_id: CUST-4150
  is_new_customer: false
  device_type: tablet
  payment_method: paypal
  referral_source: paid_search
  discount_code: 
  customer_note: Gift for my team
}
2026-05-23 18:31:41 | INFO | P02 |   Sending message with key=US-TX
2026-05-23 18:31:41 | INFO | P02 |   MESSAGE SENT  sent=1
2026-05-23 18:31:43 | INFO | P02 | {
  order_id: d61943e0-f543-4b5f-9c9a-18605ea4cfe5
  datetime: 2026-05-04T08:23:00Z
  region_id: US-TX
  currency_code: USD
  product_id: PY-DATA-002
  unit_price: 49.99
  quantity: 1
  is_online: true
  customer_id: CUST-1106
  is_new_customer: false
  device_type: mobile
  payment_method: paypal
  referral_source: paid_search
  discount_code: 
  customer_note: Gift for my team
}
2026-05-23 18:31:43 | INFO | P02 |   Sending message with key=US-TX
2026-05-23 18:31:43 | INFO | P02 |   MESSAGE SENT  sent=2
2026-05-23 18:31:45 | INFO | P02 | {
  order_id: 14da1915-8e74-47be-9e10-f7275d31af46
  datetime: 2026-05-04T08:28:00Z
  region_id: CA-QC
  currency_code: CAD
  product_id: PY-NLP-006
  unit_price: 54.99
  quantity: 1
  is_online: true
  customer_id: CUST-2133
  is_new_customer: false
  device_type: desktop
  payment_method: paypal
  referral_source: organic
  discount_code: 
  customer_note: Learning at my own pace
}
2026-05-23 18:31:45 | INFO | P02 |   Sending message with key=CA-QC
2026-05-23 18:31:45 | INFO | P02 |   MESSAGE SENT  sent=3
2026-05-23 18:31:47 | INFO | P02 | ========================
2026-05-23 18:31:47 | INFO | P02 | SECTION E. Exit
2026-05-23 18:31:47 | INFO | P02 | ========================
2026-05-23 18:31:47 | INFO | P02 | Summary:
2026-05-23 18:31:47 | INFO | P02 | Sent 3 message(s) to topic 'streaming-02-kafka-sailors'.
2026-05-23 18:31:47 | INFO | P02 | ========================
2026-05-23 18:31:47 | INFO | P02 | Producer executed successfully!
2026-05-23 18:31:47 | INFO | P02 | ========================
2026-05-23 18:32:10 | DEBUG | C02 | KAFKA_BOOTSTRAP_SERVERS           = localhost:9092
2026-05-23 18:32:10 | DEBUG | C02 | KAFKA_BROKER_ADDRESS_FAMILY       = v6
2026-05-23 18:32:10 | DEBUG | C02 | KAFKA_TOPIC                       = streaming-02-kafka-sailors
2026-05-23 18:32:10 | DEBUG | C02 | KAFKA_CLEAR_TOPIC_ON_START        = true
2026-05-23 18:32:10 | DEBUG | C02 | PRODUCER_MESSAGE_COUNT            = 3
2026-05-23 18:32:10 | DEBUG | C02 | PRODUCER_MESSAGE_INTERVAL_SECONDS = 2
2026-05-23 18:32:10 | DEBUG | C02 | PRODUCER_MAX_MESSAGES             = 50
2026-05-23 18:32:10 | DEBUG | C02 | PRODUCER_POLL_INTERVAL_SECONDS    = 15
2026-05-23 18:32:10 | DEBUG | C02 | KAFKA_GROUP_ID                    = streaming-consumer-group-A
2026-05-23 18:32:10 | DEBUG | C02 | KAFKA_AUTO_OFFSET_RESET           = earliest
2026-05-23 18:32:10 | DEBUG | C02 | CONSUMER_TIMEOUT_SECONDS          = 10
2026-05-23 18:32:10 | DEBUG | C02 | CONSUMER_MAX_MESSAGES             = 1000
2026-05-23 18:32:10 | INFO | C02 | === RUN START ===
2026-05-23 18:32:10 | INFO | C02 | project=C02
2026-05-23 18:32:10 | INFO | C02 | repo_dir=streaming-02-kafka
2026-05-23 18:32:10 | INFO | C02 | python=3.14.5
2026-05-23 18:32:10 | INFO | C02 | os=Darwin 20.6.0
2026-05-23 18:32:10 | INFO | C02 | shell=zsh
2026-05-23 18:32:10 | INFO | C02 | cwd=.
2026-05-23 18:32:10 | INFO | C02 | github_actions=False
2026-05-23 18:32:10 | INFO | C02 | ========================
2026-05-23 18:32:10 | INFO | C02 | START consumer main()
2026-05-23 18:32:10 | INFO | C02 | ========================
2026-05-23 18:32:10 | INFO | C02 | ROOT_DIR = .
2026-05-23 18:32:10 | INFO | C02 | DATA_DIR = data
2026-05-23 18:32:10 | INFO | C02 | OUTPUT_CSV = data/output/consumed_sales_sailors.csv
2026-05-23 18:32:10 | INFO | C02 | ========================
2026-05-23 18:32:10 | INFO | C02 | SECTION A. Acquire
2026-05-23 18:32:10 | INFO | C02 | ========================
2026-05-23 18:32:10 | INFO | C02 | Loading settings from .env...
2026-05-23 18:32:10 | INFO | C02 | KAFKA_BOOTSTRAP_SERVERS  = localhost:9092
2026-05-23 18:32:10 | INFO | C02 | KAFKA_TOPIC              = streaming-02-kafka-sailors
2026-05-23 18:32:10 | INFO | C02 | KAFKA_GROUP_ID           = streaming-consumer-group-A
2026-05-23 18:32:10 | INFO | C02 | CONSUMER_TIMEOUT_SECONDS = 10.0
2026-05-23 18:32:10 | INFO | C02 | CONSUMER_MAX_MESSAGES    = 1000
2026-05-23 18:32:10 | INFO | C02 | Verifying Kafka connection...
2026-05-23 18:32:10 | INFO | C02 | Kafka port is reachable.
2026-05-23 18:32:10 | INFO | C02 | Verifying Kafka topic...
2026-05-23 18:32:10 | INFO | C02 | Topic 'streaming-02-kafka-sailors' exists.
2026-05-23 18:32:10 | INFO | C02 | Found 3 message(s) available.
2026-05-23 18:32:10 | INFO | C02 | Creating Kafka consumer...
2026-05-23 18:32:10 | INFO | C02 | Subscribed to topic: 'streaming-02-kafka-sailors' (reading from beginning)
2026-05-23 18:32:10 | INFO | C02 | ========================
2026-05-23 18:32:10 | INFO | C02 | SECTION C. Consume and Process Messages
2026-05-23 18:32:10 | INFO | C02 | ========================
2026-05-23 18:32:10 | INFO | C02 | Initializing output...
2026-05-23 18:32:10 | INFO | C02 | Output CSV cleared: consumed_sales_sailors.csv
2026-05-23 18:32:10 | INFO | C02 | Consuming messages...
2026-05-23 18:32:10 | INFO | C02 | Waiting for up to 1000 message(s).
2026-05-23 18:32:10 | INFO | C02 | Press CTRL+C to stop early.

2026-05-23 18:32:16 | INFO | C02 | {'currency_code': 'USD', 'customer_id': 'CUST-4150', 'customer_note': 'Gift for my team', 'datetime': '2026-05-04T08:11:00Z', 'device_type': 'tablet', 'discount_code': '', 'is_new_customer': 'false', 'is_online': 'true', 'order_id': 'e7324981-a9f0-419f-b708-d0a333451fff', 'payment_method': 'paypal', 'product_id': 'PY-STREAM-005', 'quantity': '3', 'referral_source': 'paid_search', 'region_id': 'US-TX', 'unit_price': '59.99', '_kafka_key': 'US-TX', '_kafka_partition': 0, '_kafka_offset': 0}
2026-05-23 18:32:16 | INFO | C02 | Processing raw message.
2026-05-23 18:32:16 | INFO | C02 | MESSAGE CONSUMED
2026-05-23 18:32:16 | INFO | C02 | consumed=1
2026-05-23 18:32:16 | INFO | C02 | {'currency_code': 'USD', 'customer_id': 'CUST-1106', 'customer_note': 'Gift for my team', 'datetime': '2026-05-04T08:23:00Z', 'device_type': 'mobile', 'discount_code': '', 'is_new_customer': 'false', 'is_online': 'true', 'order_id': 'd61943e0-f543-4b5f-9c9a-18605ea4cfe5', 'payment_method': 'paypal', 'product_id': 'PY-DATA-002', 'quantity': '1', 'referral_source': 'paid_search', 'region_id': 'US-TX', 'unit_price': '49.99', '_kafka_key': 'US-TX', '_kafka_partition': 0, '_kafka_offset': 1}
2026-05-23 18:32:16 | INFO | C02 | Processing raw message.
2026-05-23 18:32:16 | INFO | C02 | MESSAGE CONSUMED
2026-05-23 18:32:16 | INFO | C02 | consumed=2
2026-05-23 18:32:16 | INFO | C02 | {'currency_code': 'CAD', 'customer_id': 'CUST-2133', 'customer_note': 'Learning at my own pace', 'datetime': '2026-05-04T08:28:00Z', 'device_type': 'desktop', 'discount_code': '', 'is_new_customer': 'false', 'is_online': 'true', 'order_id': '14da1915-8e74-47be-9e10-f7275d31af46', 'payment_method': 'paypal', 'product_id': 'PY-NLP-006', 'quantity': '1', 'referral_source': 'organic', 'region_id': 'CA-QC', 'unit_price': '54.99', '_kafka_key': 'CA-QC', '_kafka_partition': 0, '_kafka_offset': 2}
2026-05-23 18:32:16 | INFO | C02 | Processing raw message.
2026-05-23 18:32:16 | INFO | C02 | MESSAGE CONSUMED
2026-05-23 18:32:16 | INFO | C02 | consumed=3
2026-05-23 18:32:26 | INFO | C02 | No message received within 10.0s timeout.
2026-05-23 18:32:26 | INFO | C02 | Producer finished or paused. Stopping consumer.
2026-05-23 18:32:26 | INFO | C02 | Kafka consumer closed.
2026-05-23 18:32:26 | INFO | C02 | ========================
2026-05-23 18:32:26 | INFO | C02 | SECTION E. Exit
2026-05-23 18:32:26 | INFO | C02 | ========================
2026-05-23 18:32:26 | INFO | C02 | Summary:
2026-05-23 18:32:26 | INFO | C02 | Consumed 3 message(s) from topic 'streaming-02-kafka-sailors'.
2026-05-23 18:32:26 | INFO | C02 | OUTPUT_CSV = data/output/consumed_sales_sailors.csv
2026-05-23 18:32:26 | INFO | C02 | ========================
2026-05-23 18:32:26 | INFO | C02 | Consumer executed successfully!
2026-05-23 18:32:26 | INFO | C02 | ========================
2026-05-23 19:37:40 | DEBUG | C02 | KAFKA_BOOTSTRAP_SERVERS           = localhost:9092
2026-05-23 19:37:40 | DEBUG | C02 | KAFKA_BROKER_ADDRESS_FAMILY       = v6
2026-05-23 19:37:40 | DEBUG | C02 | KAFKA_TOPIC                       = streaming-02-kafka-sailors
2026-05-23 19:37:40 | DEBUG | C02 | KAFKA_CLEAR_TOPIC_ON_START        = true
2026-05-23 19:37:40 | DEBUG | C02 | PRODUCER_MESSAGE_COUNT            = 3
2026-05-23 19:37:40 | DEBUG | C02 | PRODUCER_MESSAGE_INTERVAL_SECONDS = 2
2026-05-23 19:37:40 | DEBUG | C02 | PRODUCER_MAX_MESSAGES             = 50
2026-05-23 19:37:40 | DEBUG | C02 | PRODUCER_POLL_INTERVAL_SECONDS    = 15
2026-05-23 19:37:40 | DEBUG | C02 | KAFKA_GROUP_ID                    = streaming-consumer-group-A
2026-05-23 19:37:40 | DEBUG | C02 | KAFKA_AUTO_OFFSET_RESET           = earliest
2026-05-23 19:37:40 | DEBUG | C02 | CONSUMER_TIMEOUT_SECONDS          = 10
2026-05-23 19:37:40 | DEBUG | C02 | CONSUMER_MAX_MESSAGES             = 1000
2026-05-23 19:37:40 | INFO | C02 | === RUN START ===
2026-05-23 19:37:40 | INFO | C02 | project=C02
2026-05-23 19:37:40 | INFO | C02 | repo_dir=streaming-02-kafka
2026-05-23 19:37:40 | INFO | C02 | python=3.14.5
2026-05-23 19:37:40 | INFO | C02 | os=Darwin 20.6.0
2026-05-23 19:37:40 | INFO | C02 | shell=zsh
2026-05-23 19:37:40 | INFO | C02 | cwd=.
2026-05-23 19:37:40 | INFO | C02 | github_actions=False
2026-05-23 19:37:40 | INFO | C02 | ========================
2026-05-23 19:37:40 | INFO | C02 | START consumer main()
2026-05-23 19:37:40 | INFO | C02 | ========================
2026-05-23 19:37:40 | INFO | C02 | ROOT_DIR = .
2026-05-23 19:37:40 | INFO | C02 | DATA_DIR = data
2026-05-23 19:37:40 | INFO | C02 | OUTPUT_CSV = data/output/consumed_sales_p5.csv
2026-05-23 19:37:40 | INFO | C02 | ========================
2026-05-23 19:37:40 | INFO | C02 | SECTION A. Acquire
2026-05-23 19:37:40 | INFO | C02 | ========================
2026-05-23 19:37:40 | INFO | C02 | Loading settings from .env...
2026-05-23 19:37:40 | INFO | C02 | KAFKA_BOOTSTRAP_SERVERS  = localhost:9092
2026-05-23 19:37:40 | INFO | C02 | KAFKA_TOPIC              = streaming-02-kafka-sailors
2026-05-23 19:37:40 | INFO | C02 | KAFKA_GROUP_ID           = streaming-consumer-group-A
2026-05-23 19:37:40 | INFO | C02 | CONSUMER_TIMEOUT_SECONDS = 10.0
2026-05-23 19:37:40 | INFO | C02 | CONSUMER_MAX_MESSAGES    = 1000
2026-05-23 19:37:40 | INFO | C02 | Verifying Kafka connection...
2026-05-23 19:37:40 | INFO | C02 | Kafka port is reachable.
2026-05-23 19:37:40 | INFO | C02 | Verifying Kafka topic...
2026-05-23 19:37:40 | INFO | C02 | Topic 'streaming-02-kafka-sailors' exists.
2026-05-23 19:37:40 | INFO | C02 | Found 3 message(s) available.
2026-05-23 19:37:40 | INFO | C02 | Creating Kafka consumer...
2026-05-23 19:37:40 | INFO | C02 | Subscribed to topic: 'streaming-02-kafka-sailors' (reading from beginning)
2026-05-23 19:37:40 | INFO | C02 | ========================
2026-05-23 19:37:40 | INFO | C02 | SECTION C. Consume and Process Messages
2026-05-23 19:37:40 | INFO | C02 | ========================
2026-05-23 19:37:40 | INFO | C02 | Initializing output...
2026-05-23 19:37:40 | INFO | C02 | Output CSV cleared: consumed_sales_p5.csv
2026-05-23 19:37:40 | INFO | C02 | Consuming messages...
2026-05-23 19:37:40 | INFO | C02 | Waiting for up to 1000 message(s).
2026-05-23 19:37:40 | INFO | C02 | Press CTRL+C to stop early.

2026-05-23 19:37:43 | INFO | C02 | {'currency_code': 'USD', 'customer_id': 'CUST-4150', 'customer_note': 'Gift for my team', 'datetime': '2026-05-04T08:11:00Z', 'device_type': 'tablet', 'discount_code': '', 'is_new_customer': 'false', 'is_online': 'true', 'order_id': 'e7324981-a9f0-419f-b708-d0a333451fff', 'payment_method': 'paypal', 'product_id': 'PY-STREAM-005', 'quantity': '3', 'referral_source': 'paid_search', 'region_id': 'US-TX', 'unit_price': '59.99', '_kafka_key': 'US-TX', '_kafka_partition': 0, '_kafka_offset': 0}
2026-05-23 19:37:43 | INFO | C02 | Processing raw message.
2026-05-23 19:37:43 | INFO | C02 | MESSAGE CONSUMED
2026-05-23 19:37:43 | INFO | C02 | consumed=1
2026-05-23 19:37:43 | INFO | C02 | Message count by Kafka key:
2026-05-23 19:37:43 | INFO | C02 |   key='NULL': count=1
2026-05-23 19:37:43 | INFO | C02 | {'currency_code': 'USD', 'customer_id': 'CUST-1106', 'customer_note': 'Gift for my team', 'datetime': '2026-05-04T08:23:00Z', 'device_type': 'mobile', 'discount_code': '', 'is_new_customer': 'false', 'is_online': 'true', 'order_id': 'd61943e0-f543-4b5f-9c9a-18605ea4cfe5', 'payment_method': 'paypal', 'product_id': 'PY-DATA-002', 'quantity': '1', 'referral_source': 'paid_search', 'region_id': 'US-TX', 'unit_price': '49.99', '_kafka_key': 'US-TX', '_kafka_partition': 0, '_kafka_offset': 1}
2026-05-23 19:37:43 | INFO | C02 | Processing raw message.
2026-05-23 19:37:43 | INFO | C02 | MESSAGE CONSUMED
2026-05-23 19:37:43 | INFO | C02 | consumed=2
2026-05-23 19:37:43 | INFO | C02 | Message count by Kafka key:
2026-05-23 19:37:43 | INFO | C02 |   key='NULL': count=2
2026-05-23 19:37:43 | INFO | C02 | {'currency_code': 'CAD', 'customer_id': 'CUST-2133', 'customer_note': 'Learning at my own pace', 'datetime': '2026-05-04T08:28:00Z', 'device_type': 'desktop', 'discount_code': '', 'is_new_customer': 'false', 'is_online': 'true', 'order_id': '14da1915-8e74-47be-9e10-f7275d31af46', 'payment_method': 'paypal', 'product_id': 'PY-NLP-006', 'quantity': '1', 'referral_source': 'organic', 'region_id': 'CA-QC', 'unit_price': '54.99', '_kafka_key': 'CA-QC', '_kafka_partition': 0, '_kafka_offset': 2}
2026-05-23 19:37:43 | INFO | C02 | Processing raw message.
2026-05-23 19:37:43 | INFO | C02 | MESSAGE CONSUMED
2026-05-23 19:37:43 | INFO | C02 | consumed=3
2026-05-23 19:37:43 | INFO | C02 | Message count by Kafka key:
2026-05-23 19:37:43 | INFO | C02 |   key='NULL': count=3
2026-05-23 19:37:53 | INFO | C02 | No message received within 10.0s timeout.
2026-05-23 19:37:53 | INFO | C02 | Producer finished or paused. Stopping consumer.
2026-05-23 19:37:53 | INFO | C02 | Kafka consumer closed.
2026-05-23 19:37:53 | INFO | C02 | ========================
2026-05-23 19:37:53 | INFO | C02 | SECTION E. Exit
2026-05-23 19:37:53 | INFO | C02 | ========================
2026-05-23 19:37:53 | INFO | C02 | Summary:
2026-05-23 19:37:53 | INFO | C02 | Consumed 3 message(s) from topic 'streaming-02-kafka-sailors'.
2026-05-23 19:37:53 | INFO | C02 | OUTPUT_CSV = data/output/consumed_sales_p5.csv
2026-05-23 19:37:53 | INFO | C02 | ========================
2026-05-23 19:37:53 | INFO | C02 | Consumer executed successfully!
2026-05-23 19:37:53 | INFO | C02 | ========================
